<?xml version="1.0" encoding="UTF-8"?>
<testsuites name="TS_RegressionTest" time="59.67" tests="3" failures="0" errors="0">
   <testsuite name="TS_RegressionTest" tests="3" failures="0" errors="0" time="59.67" skipped="0" timestamp="2023-03-12 12:01:17" hostname="isfahani - localhost" id="Test Suites/TS_RegressionTest">
      <properties>
         <property name="deviceName" value="emulator-5554 (sdk_gphone_x86_64 - Android 11)"/>
         <property name="devicePlatform" value=""/>
         <property name="logFolder" value="/Users/isfahani/Katalon Studio/Android Automation/Reports/20230312_120107/TS_RegressionTest/20230312_120107"/>
         <property name="logFiles" value="/Users/isfahani/Katalon Studio/Android Automation/Reports/20230312_120107/TS_RegressionTest/20230312_120107/execution0.log, /Users/isfahani/Katalon Studio/Android Automation/Reports/20230312_120107/TS_RegressionTest/20230312_120107/appium.log"/>
         <property name="attachments" value=""/>
         <property name="hostName" value="isfahani - localhost"/>
         <property name="os" value="Mac OS X 64bit"/>
         <property name="appiumServerStatus" value="{&quot;value&quot;:{&quot;build&quot;:{&quot;version&quot;:&quot;1.22.3&quot;}},&quot;sessionId&quot;:null,&quot;status&quot;:0}"/>
         <property name="katalonVersion" value="8.5.5.208"/>
         <property name="deviceOS" value="Android"/>
         <property name="appiumVersion" value="1.22.3"/>
         <property name="deviceModel" value="sdk_gphone_x86_64"/>
         <property name="hostAddress" value="127.0.0.1"/>
         <property name="deviceManufacturer" value="Google"/>
         <property name="deviceId" value="emulator-5554"/>
         <property name="deviceName" value="emulator-5554 (sdk_gphone_x86_64 - Android 11)"/>
         <property name="deviceOSVersion" value="11"/>
      </properties>
      <testcase name="Test Cases/TC03_Drag and Drop" time="30.539" classname="Test Cases/TC03_Drag and Drop" status="PASSED">
         <system-out><![CDATA[2023-03-12 12:01:17 - [TEST_CASE][PASSED] - Test Cases/TC03_Drag and Drop: Test Cases/TC03_Drag and Drop

2023-03-12 12:01:17 - [TEST_STEP][PASSED] - startApplication("/Users/isfahani/Downloads/APIDemos.apk", true): Started app at: '/Users/isfahani/Downloads/APIDemos.apk'

2023-03-12 12:01:18 - [MESSAGE][INFO] - Detected NodeJS location: "/usr/local/bin/node"

2023-03-12 12:01:19 - [MESSAGE][INFO] - Appium server started on port 60,232

2023-03-12 12:01:26 - [MESSAGE][PASSED] - Started app at: '/Users/isfahani/Downloads/APIDemos.apk'

2023-03-12 12:01:26 - [TEST_STEP][PASSED] - scrollToText("Views"): Scrolling to text 'Views' successfully

2023-03-12 12:01:29 - [MESSAGE][PASSED] - Scrolling to text 'Views' successfully

2023-03-12 12:01:29 - [TEST_STEP][PASSED] - tap(findTestObject("Object Repository/Application/Views/android.widget.TextView - Views"), 0): Tapped on element 'Object Repository/Application/Views/android.widget.TextView - Views'

2023-03-12 12:01:29 - [MESSAGE][WARNING] - Timeout '0' is invalid. Using default page load timeout: '30'

2023-03-12 12:01:30 - [MESSAGE][PASSED] - Tapped on element 'Object Repository/Application/Views/android.widget.TextView - Views'

2023-03-12 12:01:30 - [TEST_STEP][PASSED] - tap(findTestObject("Object Repository/Application/Views/android.widget.TextView - Drag and Drop"), 0): Tapped on element 'Object Repository/Application/Views/android.widget.TextView - Drag and Drop'

2023-03-12 12:01:30 - [MESSAGE][WARNING] - Timeout '0' is invalid. Using default page load timeout: '30'

2023-03-12 12:01:31 - [MESSAGE][PASSED] - Tapped on element 'Object Repository/Application/Views/android.widget.TextView - Drag and Drop'

2023-03-12 12:01:31 - [TEST_STEP][PASSED] - longPress(findTestObject("Application/Views/android.view.View (1)"), 5): Performed a long-press on element 'Object Repository/Application/Views/android.view.View (1)'

2023-03-12 12:01:34 - [MESSAGE][PASSED] - Performed a long-press on element 'Object Repository/Application/Views/android.view.View (1)'

2023-03-12 12:01:34 - [TEST_STEP][PASSED] - verifyElementExist(findTestObject("Application/Views/android.widget.TextView - No drop"), 5): Element 'Object Repository/Application/Views/android.widget.TextView - No drop' is exist

2023-03-12 12:01:40 - [MESSAGE][PASSED] - Element 'Object Repository/Application/Views/android.widget.TextView - No drop' is exist

2023-03-12 12:01:40 - [TEST_STEP][PASSED] - dragAndDrop(findTestObject("Application/Views/android.view.View (1)"), findTestObject("Application/Views/android.view.View (2)"), 5): Dragged element 'Object Repository/Application/Views/android.view.View (1)' to element '{1}'

2023-03-12 12:01:46 - [MESSAGE][PASSED] - Dragged element 'Object Repository/Application/Views/android.view.View (1)' to element '{1}'

2023-03-12 12:01:46 - [TEST_STEP][PASSED] - verifyElementExist(findTestObject("Application/Views/android.widget.TextView - Dropped"), 5): Element 'Object Repository/Application/Views/android.widget.TextView - Dropped' is exist

2023-03-12 12:01:47 - [MESSAGE][PASSED] - Element 'Object Repository/Application/Views/android.widget.TextView - Dropped' is exist

2023-03-12 12:01:47 - [TEST_STEP][PASSED] - closeApplication(): Close app successfully

2023-03-12 12:01:48 - [MESSAGE][PASSED] - Close app successfully]]></system-out>
         <system-err><![CDATA[]]></system-err>
      </testcase>
      <testcase name="Test Cases/TC02_SMS Messaging Failed" time="15.474" classname="Test Cases/TC02_SMS Messaging Failed" status="PASSED">
         <system-out><![CDATA[2023-03-12 12:01:48 - [TEST_CASE][PASSED] - Test Cases/TC02_SMS Messaging Failed: Test Cases/TC02_SMS Messaging Failed

2023-03-12 12:01:48 - [TEST_STEP][PASSED] - startApplication("/Users/isfahani/Downloads/APIDemos.apk", true): Started app at: '/Users/isfahani/Downloads/APIDemos.apk'

2023-03-12 12:01:48 - [MESSAGE][INFO] - Detected NodeJS location: "/usr/local/bin/node"

2023-03-12 12:01:49 - [MESSAGE][INFO] - Appium server started on port 60,367

2023-03-12 12:01:55 - [MESSAGE][PASSED] - Started app at: '/Users/isfahani/Downloads/APIDemos.apk'

2023-03-12 12:01:55 - [TEST_STEP][PASSED] - tap(findTestObject("Object Repository/Application/OS/android.widget.TextView - OS"), 0): Tapped on element 'Object Repository/Application/OS/android.widget.TextView - OS'

2023-03-12 12:01:55 - [MESSAGE][WARNING] - Timeout '0' is invalid. Using default page load timeout: '30'

2023-03-12 12:01:56 - [MESSAGE][PASSED] - Tapped on element 'Object Repository/Application/OS/android.widget.TextView - OS'

2023-03-12 12:01:56 - [TEST_STEP][PASSED] - tap(findTestObject("Object Repository/Application/OS/android.widget.TextView - SMS Messaging"), 0): Tapped on element 'Object Repository/Application/OS/android.widget.TextView - SMS Messaging'

2023-03-12 12:01:56 - [MESSAGE][WARNING] - Timeout '0' is invalid. Using default page load timeout: '30'

2023-03-12 12:01:57 - [MESSAGE][PASSED] - Tapped on element 'Object Repository/Application/OS/android.widget.TextView - SMS Messaging'

2023-03-12 12:01:57 - [TEST_STEP][PASSED] - tap(findTestObject("Object Repository/Application/OS/android.widget.Button - Send"), 0): Tapped on element 'Object Repository/Application/OS/android.widget.Button - Send'

2023-03-12 12:01:57 - [MESSAGE][WARNING] - Timeout '0' is invalid. Using default page load timeout: '30'

2023-03-12 12:01:57 - [MESSAGE][PASSED] - Tapped on element 'Object Repository/Application/OS/android.widget.Button - Send'

2023-03-12 12:01:57 - [TEST_STEP][PASSED] - driver = getDriver(): null

2023-03-12 12:01:57 - [TEST_STEP][PASSED] - toast = driver.findElementByXPath("//android.widget.Toast[@text='Please enter a message recipient.']"): null

2023-03-12 12:01:58 - [TEST_STEP][PASSED] - println("Toast element: " + toast): null

2023-03-12 12:01:58 - [TEST_STEP][PASSED] - if (toast == null): null

2023-03-12 12:01:58 - [TEST_STEP][PASSED] - verifyElementNotExist(findTestObject("Application/OS/android.widget.TextView - Message sent"), 5): Element 'Object Repository/Application/OS/android.widget.TextView - Message sent' not found

2023-03-12 12:02:03 - [MESSAGE][PASSED] - Element 'Object Repository/Application/OS/android.widget.TextView - Message sent' not found

2023-03-12 12:02:03 - [TEST_STEP][PASSED] - closeApplication(): Close app successfully

2023-03-12 12:02:03 - [MESSAGE][PASSED] - Close app successfully]]></system-out>
         <system-err><![CDATA[]]></system-err>
      </testcase>
      <testcase name="Test Cases/TC01_SMS Messaging Success" time="13.456" classname="Test Cases/TC01_SMS Messaging Success" status="PASSED">
         <system-out><![CDATA[2023-03-12 12:02:03 - [TEST_CASE][PASSED] - Test Cases/TC01_SMS Messaging Success: Test Cases/TC01_SMS Messaging Success

2023-03-12 12:02:03 - [TEST_STEP][PASSED] - startApplication("/Users/isfahani/Downloads/APIDemos.apk", true): Started app at: '/Users/isfahani/Downloads/APIDemos.apk'

2023-03-12 12:02:03 - [MESSAGE][INFO] - Detected NodeJS location: "/usr/local/bin/node"

2023-03-12 12:02:04 - [MESSAGE][INFO] - Appium server started on port 60,496

2023-03-12 12:02:10 - [MESSAGE][PASSED] - Started app at: '/Users/isfahani/Downloads/APIDemos.apk'

2023-03-12 12:02:10 - [TEST_STEP][PASSED] - tap(findTestObject("Object Repository/Application/OS/android.widget.TextView - OS"), 0): Tapped on element 'Object Repository/Application/OS/android.widget.TextView - OS'

2023-03-12 12:02:10 - [MESSAGE][WARNING] - Timeout '0' is invalid. Using default page load timeout: '30'

2023-03-12 12:02:12 - [MESSAGE][PASSED] - Tapped on element 'Object Repository/Application/OS/android.widget.TextView - OS'

2023-03-12 12:02:12 - [TEST_STEP][PASSED] - tap(findTestObject("Object Repository/Application/OS/android.widget.TextView - SMS Messaging"), 0): Tapped on element 'Object Repository/Application/OS/android.widget.TextView - SMS Messaging'

2023-03-12 12:02:12 - [MESSAGE][WARNING] - Timeout '0' is invalid. Using default page load timeout: '30'

2023-03-12 12:02:13 - [MESSAGE][PASSED] - Tapped on element 'Object Repository/Application/OS/android.widget.TextView - SMS Messaging'

2023-03-12 12:02:13 - [TEST_STEP][PASSED] - setText(findTestObject("Object Repository/Application/OS/android.widget.EditText"), "081238324285", 0): Text '081238324285' has been set to element 'Object Repository/Application/OS/android.widget.EditText'

2023-03-12 12:02:13 - [MESSAGE][WARNING] - Timeout '0' is invalid. Using default page load timeout: '30'

2023-03-12 12:02:13 - [MESSAGE][PASSED] - Text '081238324285' has been set to element 'Object Repository/Application/OS/android.widget.EditText'

2023-03-12 12:02:13 - [TEST_STEP][PASSED] - setText(findTestObject("Object Repository/Application/OS/android.widget.EditText (1)"), "Test SMS Messaging", 0): Text 'Test SMS Messaging' has been set to element 'Object Repository/Application/OS/android.widget.EditText (1)'

2023-03-12 12:02:13 - [MESSAGE][WARNING] - Timeout '0' is invalid. Using default page load timeout: '30'

2023-03-12 12:02:14 - [MESSAGE][PASSED] - Text 'Test SMS Messaging' has been set to element 'Object Repository/Application/OS/android.widget.EditText (1)'

2023-03-12 12:02:14 - [TEST_STEP][PASSED] - tap(findTestObject("Object Repository/Application/OS/android.widget.Button - Send"), 0): Tapped on element 'Object Repository/Application/OS/android.widget.Button - Send'

2023-03-12 12:02:14 - [MESSAGE][WARNING] - Timeout '0' is invalid. Using default page load timeout: '30'

2023-03-12 12:02:15 - [MESSAGE][PASSED] - Tapped on element 'Object Repository/Application/OS/android.widget.Button - Send'

2023-03-12 12:02:15 - [TEST_STEP][PASSED] - verifyElementText(findTestObject("Object Repository/Application/OS/android.widget.TextView - Message sent"), "Message sent!"): Actual text and expected text of test object 'Object Repository/Application/OS/android.widget.TextView - Message sent' are matched.

2023-03-12 12:02:16 - [MESSAGE][PASSED] - Actual text and expected text of test object 'Object Repository/Application/OS/android.widget.TextView - Message sent' are matched.

2023-03-12 12:02:16 - [TEST_STEP][PASSED] - closeApplication(): Close app successfully

2023-03-12 12:02:17 - [MESSAGE][PASSED] - Close app successfully]]></system-out>
         <system-err><![CDATA[]]></system-err>
      </testcase>
      <system-out><![CDATA[2023-03-12 12:01:17 - [TEST_SUITE][PASSED] - TS_RegressionTest: Test Cases/TC01_SMS Messaging Success]]></system-out>
      <system-err><![CDATA[]]></system-err>
   </testsuite>
</testsuites>
